  CREATE_STREAM @0 {NAME:mem_wr_rd_seq_h T:Transactions SCOPE:uvm_test_top.mem_env_h.mem_agent_h.mem_srq_h STREAM:556}
  CREATE_STREAM @0 {NAME:mem_wr_rd_seq_h T:Transactions SCOPE:uvm_test_top.mem_env_h.mem_agent_h.mem_srq_h STREAM:556}
  CREATE_STREAM @0 {NAME:mem_wr_rd_seq_h T:Transactions SCOPE:uvm_test_top.mem_env_h.mem_agent_h.mem_srq_h STREAM:574}
  CREATE_STREAM @0 {NAME:mem_wr_rd_seq_h T:Transactions SCOPE:uvm_test_top.mem_env_h.mem_agent_h.mem_srq_h STREAM:574}
  CREATE_STREAM @0 {NAME:mem_wr_rd_seq_h T:Transactions SCOPE:uvm_test_top.mem_env_h.mem_agent_h.mem_srq_h STREAM:572}
  CREATE_STREAM @0 {NAME:mem_wr_rd_seq_h T:Transactions SCOPE:uvm_test_top.mem_env_h.mem_agent_h.mem_srq_h STREAM:572}
  CREATE_STREAM @0 {NAME:mem_wr_rd_seq_h T:Transactions SCOPE:uvm_test_top.mem_env_h.mem_agent_h.mem_srq_h STREAM:574}
  CREATE_STREAM @0 {NAME:mem_wr_rd_seq_h T:Transactions SCOPE:uvm_test_top.mem_env_h.mem_agent_h.mem_srq_h STREAM:576}
  CREATE_STREAM @0 {NAME:mem_wr_rd_seq_h T:Transactions SCOPE:uvm_test_top.mem_env_h.mem_agent_h.mem_srq_h STREAM:582}
  CREATE_STREAM @0 {NAME:mem_n_wr_rd_seq_h T:Transactions SCOPE:uvm_test_top.mem_env_h.mem_agent_h.mem_srq_h STREAM:582}
  CREATE_STREAM @0 {NAME:mem_n_wr_rd_seq T:Transactions SCOPE:uvm_test_top.mem_env_h.mem_agent_h.mem_srq_h STREAM:583}
  CREATE_STREAM @0 {NAME:mem_n_wr_rd_seq T:Transactions SCOPE:uvm_test_top.mem_env_h.mem_agent_h.mem_srq_h STREAM:583}
  CREATE_STREAM @0 {NAME:mem_n_wr_rd_seq T:Transactions SCOPE:uvm_test_top.mem_env_h.mem_agent_h.mem_srq_h STREAM:583}
  CREATE_STREAM @0 {NAME:mem_n_wr_rd_seq T:Transactions SCOPE:uvm_test_top.mem_env_h.mem_agent_h.mem_sqr_h STREAM:583}
  CREATE_STREAM @0 {NAME:mem_n_wr_rd_seq T:Transactions SCOPE:uvm_test_top.mem_env_h.mem_agent_h.mem_sqr_h STREAM:583}
  CREATE_STREAM @0 {NAME:mem_n_wr_rd_seq T:Transactions SCOPE:uvm_test_top.mem_env_h.mem_agent_h.mem_sqr_h STREAM:583}
  CREATE_STREAM @0 {NAME:mem_n_wr_rd_seq T:Transactions SCOPE:uvm_test_top.mem_env_h.mem_agent_h.mem_sqr_h STREAM:583}
  CREATE_STREAM @0 {NAME:mem_n_wr_rd_seq T:Transactions SCOPE:uvm_test_top.mem_env_h.mem_agent_h.mem_sqr_h STREAM:583}
  CREATE_STREAM @0 {NAME:mem_n_wr_rd_seq T:Transactions SCOPE:uvm_test_top.mem_env_h.mem_agent_h.mem_sqr_h STREAM:583}
  CREATE_STREAM @0 {NAME:mem_n_wr_rd_seq T:Transactions SCOPE:uvm_test_top.mem_env_h.mem_agent_h.mem_sqr_h STREAM:583}
  CREATE_STREAM @0 {NAME:mem_n_wr_rd_seq T:Transactions SCOPE:uvm_test_top.mem_env_h.mem_agent_h.mem_sqr_h STREAM:583}
  CREATE_STREAM @0 {NAME:mem_full_wr_rd_seq_h T:Transactions SCOPE:uvm_test_top.mem_env_h.mem_agent_h.mem_sqr_h STREAM:580}
  CREATE_STREAM @0 {NAME:mem_full_wr_rd_seq_h T:Transactions SCOPE:uvm_test_top.mem_env_h.mem_agent_h.mem_sqr_h STREAM:623}
  CREATE_STREAM @0 {NAME:mem_full_wr_rd_seq_h T:Transactions SCOPE:uvm_test_top.mem_env_h.mem_agent_h.mem_sqr_h STREAM:623}
  CREATE_STREAM @0 {NAME:mem_full_wr_rd_seq_h T:Transactions SCOPE:uvm_test_top.mem_env_h.mem_agent_h.mem_sqr_h STREAM:642}
  CREATE_STREAM @0 {NAME:mem_full_wr_rd_seq_h T:Transactions SCOPE:uvm_test_top.mem_env_h.mem_agent_h.mem_sqr_h STREAM:642}
  CREATE_STREAM @0 {NAME:mem_full_wr_rd_seq_h T:Transactions SCOPE:uvm_test_top.mem_env_h.mem_agent_h.mem_sqr_h STREAM:642}
  CREATE_STREAM @0 {NAME:mem_full_wr_rd_seq_h T:Transactions SCOPE:uvm_test_top.mem_env_h.mem_agent_h.mem_sqr_h STREAM:642}
  CREATE_STREAM @0 {NAME:mem_full_wr_rd_seq_h T:Transactions SCOPE:uvm_test_top.mem_env_h.mem_agent_h.mem_sqr_h STREAM:642}
  CREATE_STREAM @0 {NAME:mem_full_wr_rd_seq_h T:Transactions SCOPE:uvm_test_top.mem_env_h.mem_agent_h.mem_sqr_h STREAM:642}
